2023-18-07 21:32:36   INFO [loginTest.LoginTestWithPageObject] : The browser was opened
2023-18-07 21:32:41   INFO [loginTest.LoginTestWithPageObject] : The browser was closed
2023-20-07 20:22:16   INFO [loginTest.LoginTestWithPageObject] : The browser was opened
2023-20-07 20:22:22   INFO [pages.LoginPage] : The site was openedhttps://aqa-complexapp.onrender.com
2023-20-07 20:22:22   INFO [pages.LoginPage] : qaauto was inputted into input
2023-20-07 20:22:22   INFO [pages.LoginPage] : 123456qwerty was inputted into input
2023-20-07 20:22:29   INFO [pages.LoginPage] : The element was clicked
2023-20-07 20:22:29   INFO [loginTest.LoginTestWithPageObject] : The browser was closed
2023-20-07 21:27:38   INFO [loginTest.LoginTestWithPageObject] : The browser was opened
2023-20-07 21:28:15   INFO [pages.LoginPage] : The site was openedhttps://aqa-complexapp.onrender.com
2023-20-07 21:28:16   INFO [pages.LoginPage] : qaauto was inputted into input
2023-20-07 21:28:16   INFO [pages.LoginPage] : 123456qwerty was inputted into input
2023-20-07 21:28:28   INFO [pages.LoginPage] : The element was clicked
2023-20-07 21:28:28   INFO [pages.elements.Header] : The element is displayed
2023-20-07 21:28:28   INFO [loginTest.LoginTestWithPageObject] : The browser was closed
2023-21-07 23:56:29   INFO [loginTest.LoginTestWithPageObject] : The browser was opened
2023-21-07 23:56:30   INFO [pages.LoginPage] : The site was openedhttps://aqa-complexapp.onrender.com
2023-21-07 23:56:30   INFO [pages.LoginPage] : qaauto was inputted into input
2023-21-07 23:56:30   INFO [pages.LoginPage] : 123 was inputted into input
2023-21-07 23:56:33   INFO [pages.LoginPage] : The element was clicked
2023-21-07 23:56:38   INFO [pages.elements.Header] : The element is not displayed
2023-21-07 23:56:39   INFO [loginTest.LoginTestWithPageObject] : The browser was closed
2023-22-07 00:03:26   INFO [loginTest.LoginTestWithPageObject] : The browser was opened
2023-22-07 00:03:27   INFO [pages.LoginPage] : The site was openedhttps://aqa-complexapp.onrender.com
2023-22-07 00:03:27   INFO [pages.LoginPage] : qaauto was inputted into input
2023-22-07 00:03:27   INFO [pages.LoginPage] : 123 was inputted into input
2023-22-07 00:03:30   INFO [pages.LoginPage] : The element was clicked
2023-22-07 00:03:30   INFO [pages.LoginPage] : The element is displayed
2023-22-07 00:03:35   INFO [pages.LoginPage] : The element is not displayed
2023-22-07 00:03:40   INFO [pages.LoginPage] : The element is not displayed
2023-22-07 00:03:40   INFO [loginTest.LoginTestWithPageObject] : The browser was closed
2023-22-07 00:07:05   INFO [loginTest.LoginTestWithPageObject] : The browser was opened
2023-22-07 00:07:06   INFO [pages.LoginPage] : The site was openedhttps://aqa-complexapp.onrender.com
2023-22-07 00:07:06   INFO [pages.LoginPage] : qaauto was inputted into input
2023-22-07 00:07:06   INFO [pages.LoginPage] : 123 was inputted into input
2023-22-07 00:07:09   INFO [pages.LoginPage] : The element was clicked
2023-22-07 00:07:09   INFO [pages.LoginPage] : The element is displayed
2023-22-07 00:07:14   INFO [pages.LoginPage] : The element is not displayed
2023-22-07 00:07:14   INFO [pages.LoginPage] : The element is displayed
2023-22-07 00:07:14   INFO [loginTest.LoginTestWithPageObject] : The browser was closed
2023-22-07 01:03:58   INFO [loginTest.LoginTestWithPageObject] : The browser was opened
2023-22-07 01:03:59   INFO [pages.LoginPage] : The site was openedhttps://aqa-complexapp.onrender.com
2023-22-07 01:03:59   INFO [pages.LoginPage] : qaauto was inputted into input
2023-22-07 01:03:59   INFO [pages.LoginPage] : 123456qwerty was inputted into input
2023-22-07 01:04:03   INFO [pages.LoginPage] : The element was clicked
2023-22-07 01:04:03   INFO [pages.elements.Header] : The element is displayed
2023-22-07 01:04:03   INFO [loginTest.LoginTestWithPageObject] : The browser was closed
2023-22-07 01:04:05   INFO [loginTest.LoginTestWithPageObject] : The browser was opened
2023-22-07 01:04:06   INFO [pages.LoginPage] : The site was openedhttps://aqa-complexapp.onrender.com
2023-22-07 01:04:06   INFO [pages.LoginPage] : qaauto was inputted into input
2023-22-07 01:04:06   INFO [pages.LoginPage] : 123 was inputted into input
2023-22-07 01:04:10   INFO [pages.LoginPage] : The element was clicked
2023-22-07 01:04:10   INFO [pages.LoginPage] : The element is displayed
2023-22-07 01:04:10   INFO [pages.LoginPage] : The element is not displayed
2023-22-07 01:04:10   INFO [pages.LoginPage] : The element is displayed
2023-22-07 01:04:10   INFO [loginTest.LoginTestWithPageObject] : The browser was closed
2023-22-07 02:10:38   INFO [logOutTest.SignOutTest] : The browser was opened
2023-22-07 02:11:10   INFO [pages.LoginPage] : The site was openedhttps://aqa-complexapp.onrender.com
2023-22-07 02:11:11   INFO [pages.LoginPage] : qaauto was inputted into input
2023-22-07 02:11:11   INFO [pages.LoginPage] : 123456qwerty was inputted into input
2023-22-07 02:11:15   INFO [pages.LoginPage] : The element was clicked
2023-22-07 02:11:15   INFO [pages.elements.Header] : The element is displayed
2023-22-07 02:11:15   INFO [pages.elements.Header] : The element is displayed
2023-22-07 02:11:15   INFO [pages.elements.Header] : The element is displayed
2023-22-07 02:11:15   INFO [pages.elements.Header] : The element is displayed
2023-22-07 02:11:15   INFO [pages.elements.Header] : The element is displayed
2023-22-07 02:11:15   INFO [pages.elements.Header] : The element is displayed
2023-22-07 02:11:15   INFO [logOutTest.SignOutTest] : The browser was closed
2023-22-07 02:16:38   INFO [logOutTest.SignOutTest] : The browser was opened
2023-22-07 02:16:40   INFO [pages.LoginPage] : The site was openedhttps://aqa-complexapp.onrender.com
2023-22-07 02:16:40   INFO [pages.LoginPage] : qaauto was inputted into input
2023-22-07 02:16:40   INFO [pages.LoginPage] : 123456qwerty was inputted into input
2023-22-07 02:16:43   INFO [pages.LoginPage] : The element was clicked
2023-22-07 02:16:43   INFO [pages.elements.Header] : The element is displayed
2023-22-07 02:16:43   INFO [pages.elements.Header] : The element is displayed
2023-22-07 02:16:43   INFO [pages.elements.Header] : The element is displayed
2023-22-07 02:16:43   INFO [pages.elements.Header] : The element is displayed
2023-22-07 02:16:43   INFO [pages.elements.Header] : The element is displayed
2023-22-07 02:17:53   INFO [pages.elements.Header] : The element is displayed
2023-22-07 02:17:53   INFO [logOutTest.SignOutTest] : The browser was closed
2023-22-07 02:19:21   INFO [loginTest.LoginTestWithPageObject] : The browser was opened
2023-22-07 02:19:22   INFO [pages.LoginPage] : The site was openedhttps://aqa-complexapp.onrender.com
2023-22-07 02:19:22   INFO [pages.LoginPage] : qaauto was inputted into input
2023-22-07 02:19:22   INFO [pages.LoginPage] : 123 was inputted into input
2023-22-07 02:19:25   INFO [pages.LoginPage] : The element was clicked
2023-22-07 02:19:25   INFO [pages.LoginPage] : The element is displayed
2023-22-07 02:19:25   INFO [pages.LoginPage] : The element is not displayed
2023-22-07 02:19:25   INFO [pages.LoginPage] : The element is displayed
2023-22-07 02:19:25   INFO [loginTest.LoginTestWithPageObject] : The browser was closed
2023-22-07 02:22:25   INFO [logOutTest.SignOutTest] : The browser was opened
2023-22-07 02:22:26   INFO [pages.LoginPage] : The site was openedhttps://aqa-complexapp.onrender.com
2023-22-07 02:22:26   INFO [pages.LoginPage] : qaauto was inputted into input
2023-22-07 02:22:26   INFO [pages.LoginPage] : 123456qwerty was inputted into input
2023-22-07 02:22:29   INFO [pages.LoginPage] : The element was clicked
2023-22-07 02:22:29   INFO [pages.elements.Header] : The element is displayed
2023-22-07 02:22:29   INFO [pages.elements.Header] : The element is displayed
2023-22-07 02:22:29   INFO [pages.elements.Header] : The element is displayed
2023-22-07 02:22:30   INFO [pages.elements.Header] : The element is displayed
2023-22-07 02:22:30   INFO [pages.elements.Header] : The element is displayed
2023-22-07 02:22:35   INFO [pages.elements.Header] : The element is not displayed
2023-22-07 02:22:40   INFO [pages.elements.Header] : The element is not displayed
2023-22-07 02:22:45   INFO [pages.elements.Header] : The element is not displayed
2023-22-07 02:22:46   INFO [pages.elements.Header] : The element was clicked
2023-22-07 02:22:51   INFO [pages.LoginPage] : The element is not displayed
2023-22-07 02:22:56   INFO [pages.LoginPage] : The element is not displayed
2023-22-07 02:23:02   INFO [pages.LoginPage] : The element is not displayed
2023-22-07 02:23:07   INFO [pages.LoginPage] : The element is not displayed
2023-22-07 02:23:12   INFO [pages.LoginPage] : The element is not displayed
2023-22-07 02:23:12   INFO [pages.LoginPage] : The element is displayed
2023-22-07 02:23:12   INFO [pages.LoginPage] : The element is displayed
2023-22-07 02:23:12   INFO [pages.LoginPage] : The element is displayed
2023-22-07 02:23:12   INFO [logOutTest.SignOutTest] : The browser was closed
2023-22-07 02:30:46   INFO [logOutTest.SignOutTest] : The browser was opened
2023-22-07 02:30:46   INFO [logOutTest.SignOutTest] : The browser was closed
2023-22-07 02:32:47   INFO [logOutTest.SignOutTest] : The browser was opened
2023-22-07 02:32:47   INFO [logOutTest.SignOutTest] : The browser was closed
2023-22-07 02:35:17   INFO [logOutTest.SignOutTest] : The browser was opened
2023-22-07 02:35:18   INFO [logOutTest.SignOutTest] : The browser was closed
2023-22-07 02:36:09   INFO [loginTest.LoginTestWithPageObject] : The browser was opened
2023-22-07 02:36:10   INFO [pages.LoginPage] : The site was openedhttps://aqa-complexapp.onrender.com
2023-22-07 02:36:10   INFO [pages.LoginPage] : qaauto was inputted into input
2023-22-07 02:36:11   INFO [pages.LoginPage] : 123 was inputted into input
2023-22-07 02:36:14   INFO [pages.LoginPage] : The element was clicked
2023-22-07 02:36:14   INFO [pages.LoginPage] : The element is displayed
2023-22-07 02:36:14   INFO [pages.LoginPage] : The element is not displayed
2023-22-07 02:36:14   INFO [pages.LoginPage] : The element is displayed
2023-22-07 02:36:14   INFO [loginTest.LoginTestWithPageObject] : The browser was closed
2023-22-07 02:36:25   INFO [loginTest.LoginTestWithPageObject] : The browser was opened
2023-22-07 02:36:26   INFO [pages.LoginPage] : The site was openedhttps://aqa-complexapp.onrender.com
2023-22-07 02:36:26   INFO [pages.LoginPage] : qaauto was inputted into input
2023-22-07 02:36:26   INFO [pages.LoginPage] : 123456qwerty was inputted into input
2023-22-07 02:36:30   INFO [pages.LoginPage] : The element was clicked
2023-22-07 02:36:30   INFO [pages.elements.Header] : The element is displayed
2023-22-07 02:36:30   INFO [loginTest.LoginTestWithPageObject] : The browser was closed
2023-22-07 02:37:15   INFO [logOutTest.SignOutTest] : The browser was opened
2023-22-07 02:37:16   INFO [pages.LoginPage] : The site was openedhttps://aqa-complexapp.onrender.com
2023-22-07 02:37:16   INFO [pages.LoginPage] : qaauto was inputted into input
2023-22-07 02:37:17   INFO [pages.LoginPage] : 123456qwerty was inputted into input
2023-22-07 02:37:20   INFO [pages.LoginPage] : The element was clicked
2023-22-07 02:37:20   INFO [pages.elements.Header] : The element is displayed
2023-22-07 02:37:20   INFO [pages.elements.Header] : The element is displayed
2023-22-07 02:37:20   INFO [pages.elements.Header] : The element is displayed
2023-22-07 02:37:20   INFO [pages.elements.Header] : The element is displayed
2023-22-07 02:37:20   INFO [pages.elements.Header] : The element is displayed
2023-22-07 02:37:25   INFO [pages.elements.Header] : The element is not displayed
2023-22-07 02:37:30   INFO [pages.elements.Header] : The element is not displayed
2023-22-07 02:37:35   INFO [pages.elements.Header] : The element is not displayed
2023-22-07 02:37:37   INFO [pages.elements.Header] : The element was clicked
2023-22-07 02:37:42   INFO [pages.LoginPage] : The element is not displayed
2023-22-07 02:37:47   INFO [pages.LoginPage] : The element is not displayed
2023-22-07 02:37:52   INFO [pages.LoginPage] : The element is not displayed
2023-22-07 02:37:57   INFO [pages.LoginPage] : The element is not displayed
2023-22-07 02:38:02   INFO [pages.LoginPage] : The element is not displayed
2023-22-07 02:38:02   INFO [pages.LoginPage] : The element is displayed
2023-22-07 02:38:02   INFO [pages.LoginPage] : The element is displayed
2023-22-07 02:38:02   INFO [pages.LoginPage] : The element is displayed
2023-22-07 02:38:02   INFO [logOutTest.SignOutTest] : The browser was closed
2023-22-07 02:52:33   INFO [logOutTest.SignOutTest] : The browser was opened
2023-22-07 02:52:33   INFO [logOutTest.SignOutTest] : The browser was closed
2023-22-07 03:05:30   INFO [logOutTest.SignOutTest] : The browser was opened
2023-22-07 03:06:02   INFO [pages.LoginPage] : The site was openedhttps://aqa-complexapp.onrender.com
2023-22-07 03:06:02   INFO [pages.LoginPage] : qaauto was inputted into input
2023-22-07 03:06:02   INFO [pages.LoginPage] : 123456qwerty was inputted into input
2023-22-07 03:06:06   INFO [pages.LoginPage] : The element was clicked
2023-22-07 03:06:06   INFO [pages.elements.Header] : The element is displayed
2023-22-07 03:06:06   INFO [pages.elements.Header] : The element is displayed
2023-22-07 03:06:06   INFO [pages.elements.Header] : The element is displayed
2023-22-07 03:06:06   INFO [pages.elements.Header] : The element is displayed
2023-22-07 03:06:06   INFO [pages.elements.Header] : The element is displayed
2023-22-07 03:06:11   INFO [pages.elements.Header] : The element is not displayed
2023-22-07 03:06:16   INFO [pages.elements.Header] : The element is not displayed
2023-22-07 03:06:21   INFO [pages.elements.Header] : The element is not displayed
2023-22-07 03:06:23   INFO [pages.elements.Header] : The element was clicked
2023-22-07 03:06:28   INFO [pages.LoginPage] : The element is not displayed
2023-22-07 03:06:33   INFO [pages.LoginPage] : The element is not displayed
2023-22-07 03:06:38   INFO [pages.LoginPage] : The element is not displayed
2023-22-07 03:06:43   INFO [pages.LoginPage] : The element is not displayed
2023-22-07 03:06:48   INFO [pages.LoginPage] : The element is not displayed
2023-22-07 03:06:48   INFO [pages.LoginPage] : The element is displayed
2023-22-07 03:06:48   INFO [pages.LoginPage] : The element is displayed
2023-22-07 03:06:48   INFO [pages.LoginPage] : The element is displayed
2023-22-07 03:06:48   INFO [logOutTest.SignOutTest] : The browser was closed
2023-24-07 15:37:04   INFO [loginTest.LoginTestWithPageObject] : The browser was opened
2023-24-07 15:37:51   INFO [pages.LoginPage] : The site was openedhttps://aqa-complexapp.onrender.com
2023-24-07 15:37:51   INFO [pages.LoginPage] : qaauto was inputted into input
2023-24-07 15:37:51   INFO [pages.LoginPage] : 123456qwerty was inputted into input
2023-24-07 15:37:55   INFO [pages.LoginPage] : The element was clicked
2023-24-07 15:37:55   INFO [pages.elements.Header] : The element is displayed
2023-24-07 15:37:56   INFO [loginTest.LoginTestWithPageObject] : The browser was closed
2023-24-07 15:37:57   INFO [loginTest.LoginTestWithPageObject] : The browser was opened
2023-24-07 15:37:58   INFO [pages.LoginPage] : The site was openedhttps://aqa-complexapp.onrender.com
2023-24-07 15:37:58   INFO [pages.LoginPage] : qaauto was inputted into input
2023-24-07 15:37:59   INFO [pages.LoginPage] : 123 was inputted into input
2023-24-07 15:38:02   INFO [pages.LoginPage] : The element was clicked
2023-24-07 15:38:02   INFO [pages.LoginPage] : The element is displayed
2023-24-07 15:38:02   INFO [pages.LoginPage] : The element is not displayed
2023-24-07 15:38:02   INFO [pages.LoginPage] : The element is displayed
2023-24-07 15:38:02   INFO [loginTest.LoginTestWithPageObject] : The browser was closed
2023-24-07 15:39:04   INFO [logOutTest.SignOutTest] : The browser was opened
2023-24-07 15:39:05   INFO [pages.LoginPage] : The site was openedhttps://aqa-complexapp.onrender.com
2023-24-07 15:39:05   INFO [pages.LoginPage] : qaauto was inputted into input
2023-24-07 15:39:05   INFO [pages.LoginPage] : 123456qwerty was inputted into input
2023-24-07 15:39:08   INFO [pages.LoginPage] : The element was clicked
2023-24-07 15:39:08   INFO [pages.elements.Header] : The element is displayed
2023-24-07 15:39:08   INFO [pages.elements.Header] : The element is displayed
2023-24-07 15:39:08   INFO [pages.elements.Header] : The element is displayed
2023-24-07 15:39:08   INFO [pages.elements.Header] : The element is displayed
2023-24-07 15:39:08   INFO [pages.elements.Header] : The element is displayed
2023-24-07 15:39:13   INFO [pages.LoginPage] : The element is not displayed
2023-24-07 15:39:18   INFO [pages.LoginPage] : The element is not displayed
2023-24-07 15:39:24   INFO [pages.LoginPage] : The element is not displayed
2023-24-07 15:39:25   INFO [pages.elements.Header] : The element was clicked
2023-24-07 15:39:31   INFO [pages.elements.Header] : The element is not displayed
2023-24-07 15:39:36   INFO [pages.elements.Header] : The element is not displayed
2023-24-07 15:39:41   INFO [pages.elements.Header] : The element is not displayed
2023-24-07 15:39:46   INFO [pages.elements.Header] : The element is not displayed
2023-24-07 15:39:51   INFO [pages.LoginPage] : The element is not displayed
2023-24-07 15:39:51   INFO [pages.LoginPage] : The element is displayed
2023-24-07 15:39:51   INFO [pages.LoginPage] : The element is displayed
2023-24-07 15:39:51   INFO [pages.LoginPage] : The element is displayed
2023-24-07 15:39:51   INFO [logOutTest.SignOutTest] : The browser was closed
2023-25-07 21:49:18   INFO [postTests.CreatePost] : The browser was opened
2023-25-07 21:49:41   INFO [pages.LoginPage] : The site was openedhttps://aqa-complexapp.onrender.com
2023-25-07 21:49:41   INFO [pages.LoginPage] : qaauto was inputted into input
2023-25-07 21:49:41   INFO [pages.LoginPage] : 123456qwerty was inputted into input
2023-25-07 21:49:52   INFO [pages.LoginPage] : The element was clicked
2023-25-07 21:49:52   INFO [pages.elements.Header] : The element is displayed
2023-25-07 21:49:53   INFO [pages.elements.Header] : The element is displayed
2023-25-07 21:49:54   INFO [pages.elements.Header] : The element was clicked
2023-25-07 21:49:54   INFO [pages.elements.Header] : The element is displayed
2023-25-07 21:49:54   INFO [pages.CreatePostPage] : New Post Iryna was inputted into input
2023-25-07 21:49:54   INFO [pages.CreatePostPage] : Body of the New Post Iryna was inputted into input
2023-25-07 21:49:54   INFO [pages.CreatePostPage] : Приватне повідомлення was selected in DropDown
2023-25-07 21:49:57   INFO [pages.CreatePostPage] : The element was clicked
2023-25-07 21:49:57   INFO [postTests.CreatePost] : The browser was closed
2023-25-07 21:51:19   INFO [postTests.CreatePost] : The browser was opened
2023-25-07 21:51:21   INFO [pages.LoginPage] : The site was openedhttps://aqa-complexapp.onrender.com
2023-25-07 21:51:21   INFO [pages.LoginPage] : qaauto was inputted into input
2023-25-07 21:51:21   INFO [pages.LoginPage] : 123456qwerty was inputted into input
2023-25-07 21:51:25   INFO [pages.LoginPage] : The element was clicked
2023-25-07 21:51:25   INFO [pages.elements.Header] : The element is displayed
2023-25-07 21:51:25   INFO [pages.elements.Header] : The element is displayed
2023-25-07 21:51:27   INFO [pages.elements.Header] : The element was clicked
2023-25-07 21:51:27   INFO [pages.elements.Header] : The element is displayed
2023-25-07 21:51:27   INFO [pages.CreatePostPage] : New Post Iryna value was inputted into input
2023-25-07 21:51:27   INFO [pages.CreatePostPage] : Body of the New Post Iryna value was inputted into input
2023-25-07 21:51:27   INFO [pages.CreatePostPage] : One Person was selected in DropDown
2023-25-07 21:51:30   INFO [pages.CreatePostPage] : The element was clicked
2023-25-07 21:51:30   INFO [postTests.CreatePost] : The browser was closed
2023-27-07 21:14:40   INFO [postTests.CreatePost] : The browser was opened
2023-27-07 21:14:42   INFO [pages.LoginPage] : The site was openedhttps://aqa-complexapp.onrender.com
2023-27-07 21:14:42   INFO [pages.LoginPage] : qaauto was inputted into input
2023-27-07 21:14:42   INFO [pages.LoginPage] : 123456qwerty was inputted into input
2023-27-07 21:14:45   INFO [pages.LoginPage] : The element was clicked
2023-27-07 21:14:45   INFO [pages.elements.Header] : The element is displayed
2023-27-07 21:14:45   INFO [pages.elements.Header] : The element is displayed
2023-27-07 21:14:48   INFO [pages.elements.Header] : The element was clicked
2023-27-07 21:14:48   INFO [pages.elements.Header] : The element is displayed
2023-27-07 21:14:48   INFO [pages.CreatePostPage] : New Post Iryna value was inputted into input
2023-27-07 21:14:48   INFO [pages.CreatePostPage] : Body of the New Post Iryna value was inputted into input
2023-27-07 21:14:48   INFO [pages.CreatePostPage] : One Person was selected in DropDown
2023-27-07 21:14:51   INFO [pages.CreatePostPage] : The element was clicked
2023-27-07 21:14:51   INFO [postTests.CreatePost] : The browser was closed
2023-27-07 21:21:38   INFO [postTests.CreatePost] : The browser was opened
2023-27-07 21:21:39   INFO [pages.LoginPage] : The site was openedhttps://aqa-complexapp.onrender.com
2023-27-07 21:21:39   INFO [pages.LoginPage] : qaauto was inputted into input
2023-27-07 21:21:39   INFO [pages.LoginPage] : 123456qwerty was inputted into input
2023-27-07 21:21:43   INFO [pages.LoginPage] : The element was clicked
2023-27-07 21:21:43   INFO [pages.elements.Header] : The element is displayed
2023-27-07 21:21:43   INFO [pages.elements.Header] : The element is displayed
2023-27-07 21:21:44   INFO [pages.elements.Header] : The element was clicked
2023-27-07 21:21:44   INFO [pages.elements.Header] : The element is displayed
2023-27-07 21:21:44   INFO [pages.CreatePostPage] : New Post Iryna value was inputted into input
2023-27-07 21:21:44   INFO [pages.CreatePostPage] : Body of the New Post Iryna value was inputted into input
2023-27-07 21:21:44   INFO [pages.CreatePostPage] : One Person was selected in DropDown
2023-27-07 21:21:47   INFO [pages.CreatePostPage] : The element was clicked
2023-27-07 21:21:47   INFO [postTests.CreatePost] : The browser was closed
2023-27-07 21:23:08   INFO [postTests.CreatePost] : The browser was opened
2023-27-07 21:23:09   INFO [pages.LoginPage] : The site was openedhttps://aqa-complexapp.onrender.com
2023-27-07 21:23:09   INFO [pages.LoginPage] : qaauto was inputted into input
2023-27-07 21:23:09   INFO [pages.LoginPage] : 123456qwerty was inputted into input
2023-27-07 21:23:13   INFO [pages.LoginPage] : The element was clicked
2023-27-07 21:23:13   INFO [pages.elements.Header] : The element is displayed
2023-27-07 21:23:13   INFO [pages.elements.Header] : The element is displayed
2023-27-07 21:23:15   INFO [pages.elements.Header] : The element was clicked
2023-27-07 21:23:15   INFO [pages.elements.Header] : The element is displayed
2023-27-07 21:23:15   INFO [pages.CreatePostPage] : New Post Iryna value was inputted into input
2023-27-07 21:23:15   INFO [pages.CreatePostPage] : Body of the New Post Iryna value was inputted into input
2023-27-07 21:23:15   INFO [pages.CreatePostPage] : One Person was selected in DropDown
2023-27-07 21:23:17   INFO [pages.CreatePostPage] : The element was clicked
2023-27-07 21:23:17   INFO [postTests.CreatePost] : The browser was closed
2023-27-07 21:49:00   INFO [postTests.CreatePost] : The browser was opened
2023-27-07 21:49:01   INFO [pages.LoginPage] : The site was openedhttps://aqa-complexapp.onrender.com
2023-27-07 21:49:02   INFO [pages.LoginPage] : qaauto was inputted into input
2023-27-07 21:49:02   INFO [pages.LoginPage] : 123456qwerty was inputted into input
2023-27-07 21:49:06   INFO [pages.LoginPage] : The element was clicked
2023-27-07 21:49:06   INFO [pages.elements.Header] : The element is displayed
2023-27-07 21:49:06   INFO [pages.elements.Header] : The element is displayed
2023-27-07 21:49:07   INFO [pages.elements.Header] : The element was clicked
2023-27-07 21:49:07   INFO [pages.elements.Header] : The element is displayed
2023-27-07 21:49:07   INFO [pages.CreatePostPage] : TC01 - New Post Iryna value2023-07-27_21-48-57 was inputted into input
2023-27-07 21:49:07   INFO [pages.CreatePostPage] : Body of the New Post Iryna value was inputted into input
2023-27-07 21:49:07   INFO [pages.CreatePostPage] : One Person was selected in DropDown
2023-27-07 21:49:10   INFO [pages.CreatePostPage] : The element was clicked
2023-27-07 21:49:10   INFO [postTests.CreatePost] : The browser was closed
2023-28-07 21:29:53   INFO [postTests.CreatePost] : The browser was opened
2023-28-07 21:30:26   INFO [pages.LoginPage] : The site was openedhttps://aqa-complexapp.onrender.com
2023-28-07 21:30:26   INFO [pages.LoginPage] : qaauto was inputted into input
2023-28-07 21:30:26   INFO [pages.LoginPage] : 123456qwerty was inputted into input
2023-28-07 21:30:30   INFO [pages.LoginPage] : The element was clicked
2023-28-07 21:30:30   INFO [pages.elements.Header] : The element is displayed
2023-28-07 21:30:30   INFO [pages.elements.Header] : The element is displayed
2023-28-07 21:30:32   INFO [pages.elements.Header] : The element was clicked
2023-28-07 21:30:32   INFO [pages.elements.Header] : The element is displayed
2023-28-07 21:30:32   INFO [pages.CreatePostPage] : TC01 - New Post Iryna value2023-07-28_21-29-50 was inputted into input
2023-28-07 21:30:32   INFO [pages.CreatePostPage] : Body of the New Post Iryna value was inputted into input
2023-28-07 21:30:32   INFO [pages.CreatePostPage] : The element was clicked
2023-28-07 21:30:32   INFO [pages.CreatePostPage] : The element was clicked
2023-28-07 21:30:32   INFO [pages.CreatePostPage] : Загальнодоступне was selected in DropDown
2023-28-07 21:30:35   INFO [pages.CreatePostPage] : The element was clicked
2023-28-07 21:30:36   INFO [postTests.CreatePost] : The browser was closed
2023-28-07 22:50:45   INFO [postTests.CreatePost] : The browser was opened
2023-28-07 22:51:19   INFO [pages.LoginPage] : The site was openedhttps://aqa-complexapp.onrender.com
2023-28-07 22:51:20   INFO [pages.LoginPage] : qaauto was inputted into input
2023-28-07 22:51:20   INFO [pages.LoginPage] : 123456qwerty was inputted into input
2023-28-07 22:51:24   INFO [pages.LoginPage] : The element was clicked
2023-28-07 22:51:24   INFO [pages.elements.Header] : The element is displayed
2023-28-07 22:51:24   INFO [pages.elements.Header] : The element is displayed
2023-28-07 22:51:25   INFO [pages.elements.Header] : The element was clicked
2023-28-07 22:51:25   INFO [pages.elements.Header] : The element is displayed
2023-28-07 22:51:25   INFO [pages.CreatePostPage] : TC01 - New Post Iryna value2023-07-28_22-50-42 was inputted into input
2023-28-07 22:51:25   INFO [pages.CreatePostPage] : Body of the New Post Iryna value was inputted into input
2023-28-07 22:51:25   INFO [pages.CreatePostPage] : The element was clicked
2023-28-07 22:51:25   INFO [pages.CreatePostPage] : The element was clicked
2023-28-07 22:51:25   INFO [pages.CreatePostPage] : Загальнодоступне was selected in DropDown
2023-28-07 22:51:26   INFO [pages.CreatePostPage] : The element was clicked
2023-28-07 22:51:29   INFO [pages.CreatePostPage] : The element was clicked
2023-28-07 22:51:29   INFO [postTests.CreatePost] : The browser was closed
2023-29-07 01:05:13   INFO [postTests.CreatePost] : The browser was opened
2023-29-07 01:07:04   INFO [pages.LoginPage] : The site was openedhttps://aqa-complexapp.onrender.com
2023-29-07 01:07:04   INFO [pages.LoginPage] : qaauto was inputted into input
2023-29-07 01:07:04   INFO [pages.LoginPage] : 123456qwerty was inputted into input
2023-29-07 01:07:08   INFO [pages.LoginPage] : The element was clicked
2023-29-07 01:07:08   INFO [pages.elements.Header] : The element is displayed
2023-29-07 01:07:08   INFO [pages.elements.Header] : The element is displayed
2023-29-07 01:07:10   INFO [pages.elements.Header] : The element was clicked
2023-29-07 01:07:10   INFO [pages.elements.Header] : The element is displayed
2023-29-07 01:07:10   INFO [pages.CreatePostPage] : TC01 - New Post Iryna value2023-07-29_01-05-10 was inputted into input
2023-29-07 01:07:10   INFO [pages.CreatePostPage] : Body of the New Post Iryna value was inputted into input
2023-29-07 01:07:10   INFO [pages.CreatePostPage] : The element was clicked
2023-29-07 01:07:10   INFO [pages.CreatePostPage] : The element was clicked
2023-29-07 01:07:10   INFO [pages.CreatePostPage] : Загальнодоступне was selected in DropDown
2023-29-07 01:07:11   INFO [pages.CreatePostPage] : The element was clicked
2023-29-07 01:07:11   INFO [pages.CreatePostPage] : The element was clicked
2023-29-07 01:07:13   INFO [pages.CreatePostPage] : The element was clicked
2023-29-07 01:07:13   INFO [postTests.CreatePost] : The browser was closed
2023-29-07 13:17:32   INFO [postTests.CreatePost] : The browser was opened
2023-29-07 13:18:05   INFO [pages.LoginPage] : The site was openedhttps://aqa-complexapp.onrender.com
2023-29-07 13:18:06   INFO [pages.LoginPage] : qaauto was inputted into input
2023-29-07 13:18:06   INFO [pages.LoginPage] : 123456qwerty was inputted into input
2023-29-07 13:18:10   INFO [pages.LoginPage] : The element was clicked
2023-29-07 13:18:10   INFO [pages.elements.Header] : The element is displayed
2023-29-07 13:18:10   INFO [pages.elements.Header] : The element is displayed
2023-29-07 13:18:11   INFO [pages.elements.Header] : The element was clicked
2023-29-07 13:18:11   INFO [pages.elements.Header] : The element is displayed
2023-29-07 13:18:11   INFO [pages.CreatePostPage] : TC01 - New Post Iryna value2023-07-29_13-17-28 was inputted into input
2023-29-07 13:18:11   INFO [pages.CreatePostPage] : Body of the New Post Iryna zag was inputted into input
2023-29-07 13:18:11   INFO [pages.CreatePostPage] : The element was clicked
2023-29-07 13:18:12   INFO [pages.CreatePostPage] : The element was clicked
2023-29-07 13:18:12   INFO [pages.CreatePostPage] : Загальнодоступне was selected in DropDown
2023-29-07 13:18:12   INFO [pages.CreatePostPage] : The element was clicked
2023-29-07 13:18:12   INFO [pages.CreatePostPage] : The element was clicked
2023-29-07 13:18:15   INFO [pages.CreatePostPage] : The element was clicked
2023-29-07 13:18:15   INFO [postTests.CreatePost] : The browser was closed
2023-31-07 23:05:12   INFO [postTests.CreatePost] : The browser was opened
2023-31-07 23:05:14   INFO [pages.LoginPage] : The site was openedhttps://aqa-complexapp.onrender.com
2023-31-07 23:05:14   INFO [pages.LoginPage] : qaauto was inputted into input
2023-31-07 23:05:14   INFO [pages.LoginPage] : 123456qwerty was inputted into input
2023-31-07 23:05:18   INFO [pages.LoginPage] : The element was clicked
2023-31-07 23:05:18   INFO [pages.elements.Header] : The element is displayed
2023-31-07 23:05:18   INFO [pages.elements.Header] : The element is displayed
2023-31-07 23:05:19   INFO [pages.elements.Header] : The element was clicked
2023-31-07 23:05:19   INFO [pages.elements.Header] : The element is displayed
2023-31-07 23:05:19   INFO [pages.CreatePostPage] : TC01 - New Post Iryna value2023-07-31_23-05-09 was inputted into input
2023-31-07 23:05:19   INFO [pages.CreatePostPage] : Body of the New Post Iryna zag was inputted into input
2023-31-07 23:05:19   INFO [pages.CreatePostPage] : The element was clicked
2023-31-07 23:05:20   INFO [pages.CreatePostPage] : The element was clicked
2023-31-07 23:05:20   INFO [pages.CreatePostPage] : Загальнодоступне was selected in DropDown
2023-31-07 23:05:20   INFO [pages.CreatePostPage] : The element was clicked
2023-31-07 23:05:20   INFO [pages.CreatePostPage] : Checkbox was marked 'Yes'
2023-31-07 23:05:22   INFO [pages.CreatePostPage] : The element was clicked
2023-31-07 23:05:22   INFO [pages.PostPage] : The element is displayed
2023-31-07 23:05:22   INFO [postTests.CreatePost] : The browser was closed
2023-31-07 23:27:26   INFO [postTests.CreatePost] : The browser was opened
2023-31-07 23:27:27   INFO [pages.LoginPage] : The site was openedhttps://aqa-complexapp.onrender.com
2023-31-07 23:27:27   INFO [pages.LoginPage] : qaauto was inputted into input
2023-31-07 23:27:27   INFO [pages.LoginPage] : 123456qwerty was inputted into input
2023-31-07 23:27:31   INFO [pages.LoginPage] : The element was clicked
2023-31-07 23:27:31   INFO [pages.elements.Header] : The element is displayed
2023-31-07 23:27:31   INFO [pages.elements.Header] : The element is displayed
2023-31-07 23:27:32   INFO [pages.elements.Header] : The element was clicked
2023-31-07 23:27:32   INFO [pages.elements.Header] : The element is displayed
2023-31-07 23:27:32   INFO [pages.CreatePostPage] : TC01 - New Post Iryna value2023-07-31_23-27-22 was inputted into input
2023-31-07 23:27:32   INFO [pages.CreatePostPage] : Body of the New Post Iryna zag unique was inputted into input
2023-31-07 23:27:32   INFO [pages.CreatePostPage] : The element was clicked
2023-31-07 23:27:32   INFO [pages.CreatePostPage] : The element was clicked
2023-31-07 23:27:32   INFO [pages.CreatePostPage] : Загальнодоступне was selected in DropDown
2023-31-07 23:27:33   INFO [pages.CreatePostPage] : The element was clicked
2023-31-07 23:27:33   INFO [pages.CreatePostPage] : Checkbox was marked 'Yes'
2023-31-07 23:27:36   INFO [pages.CreatePostPage] : The element was clicked
2023-31-07 23:27:36   INFO [postTests.CreatePost] : The browser was closed
2023-31-07 23:28:15   INFO [postTests.CreatePost] : The browser was opened
2023-31-07 23:28:16   INFO [pages.LoginPage] : The site was openedhttps://aqa-complexapp.onrender.com
2023-31-07 23:28:16   INFO [pages.LoginPage] : qaauto was inputted into input
2023-31-07 23:28:16   INFO [pages.LoginPage] : 123456qwerty was inputted into input
2023-31-07 23:28:20   INFO [pages.LoginPage] : The element was clicked
2023-31-07 23:28:20   INFO [pages.elements.Header] : The element is displayed
2023-31-07 23:28:20   INFO [pages.elements.Header] : The element is displayed
2023-31-07 23:28:22   INFO [pages.elements.Header] : The element was clicked
2023-31-07 23:28:22   INFO [pages.elements.Header] : The element is displayed
2023-31-07 23:28:22   INFO [pages.CreatePostPage] : TC01 - New Post Iryna value2023-07-31_23-28-12 was inputted into input
2023-31-07 23:28:22   INFO [pages.CreatePostPage] : Body of the New Post Iryna zag unique was inputted into input
2023-31-07 23:28:22   INFO [pages.CreatePostPage] : The element was clicked
2023-31-07 23:28:22   INFO [pages.CreatePostPage] : The element was clicked
2023-31-07 23:28:22   INFO [pages.CreatePostPage] : Загальнодоступне was selected in DropDown
2023-31-07 23:28:22   INFO [pages.CreatePostPage] : The element was clicked
2023-31-07 23:28:22   INFO [pages.CreatePostPage] : Checkbox was marked 'Yes'
2023-31-07 23:28:25   INFO [pages.CreatePostPage] : The element was clicked
2023-31-07 23:28:25   INFO [postTests.CreatePost] : The browser was closed
2023-31-07 23:59:40   INFO [postTests.CreatePost] : The browser was opened
2023-31-07 23:59:41   INFO [pages.LoginPage] : The site was openedhttps://aqa-complexapp.onrender.com
2023-31-07 23:59:42   INFO [pages.LoginPage] : qaauto was inputted into input
2023-31-07 23:59:42   INFO [pages.LoginPage] : 123456qwerty was inputted into input
2023-31-07 23:59:45   INFO [pages.LoginPage] : The element was clicked
2023-31-07 23:59:45   INFO [pages.elements.Header] : The element is displayed
2023-31-07 23:59:45   INFO [pages.elements.Header] : The element is displayed
2023-31-07 23:59:47   INFO [pages.elements.Header] : The element was clicked
2023-31-07 23:59:47   INFO [pages.elements.Header] : The element is displayed
2023-31-07 23:59:47   INFO [pages.CreatePostPage] : TC01 - New Post Iryna one person2023-07-31_23-59-37 was inputted into input
2023-31-07 23:59:47   INFO [pages.CreatePostPage] : Body of the New Post Iryna one person unique was inputted into input
2023-31-07 23:59:47   INFO [pages.CreatePostPage] : One Person was selected in DropDown
2023-31-07 23:59:47   INFO [pages.CreatePostPage] : The element was clicked
2023-31-07 23:59:47   INFO [pages.CreatePostPage] : Checkbox was marked 'Yes'
2023-31-07 23:59:50   INFO [pages.CreatePostPage] : The element was clicked
2023-31-07 23:59:50   INFO [postTests.CreatePost] : The browser was closed
2023-01-08 00:00:33   INFO [postTests.CreatePost] : The browser was opened
2023-01-08 00:00:35   INFO [pages.LoginPage] : The site was openedhttps://aqa-complexapp.onrender.com
2023-01-08 00:00:35   INFO [pages.LoginPage] : qaauto was inputted into input
2023-01-08 00:00:35   INFO [pages.LoginPage] : 123456qwerty was inputted into input
2023-01-08 00:00:38   INFO [pages.LoginPage] : The element was clicked
2023-01-08 00:00:38   INFO [pages.elements.Header] : The element is displayed
2023-01-08 00:00:38   INFO [pages.elements.Header] : The element is displayed
2023-01-08 00:00:40   INFO [pages.elements.Header] : The element was clicked
2023-01-08 00:00:40   INFO [pages.elements.Header] : The element is displayed
2023-01-08 00:00:40   INFO [pages.CreatePostPage] : TC01 - New Post Iryna one person2023-08-01_00-00-30 was inputted into input
2023-01-08 00:00:40   INFO [pages.CreatePostPage] : Body of the New Post Iryna one person unique was inputted into input
2023-01-08 00:00:40   INFO [pages.CreatePostPage] : One Person was selected in DropDown
2023-01-08 00:00:40   INFO [pages.CreatePostPage] : The element was clicked
2023-01-08 00:00:40   INFO [pages.CreatePostPage] : Checkbox was marked 'Yes'
2023-01-08 00:00:43   INFO [pages.CreatePostPage] : The element was clicked
2023-01-08 00:00:43   INFO [postTests.CreatePost] : The browser was closed
2023-01-08 00:06:22   INFO [postTests.CreatePost] : The browser was opened
2023-01-08 00:06:24   INFO [pages.LoginPage] : The site was openedhttps://aqa-complexapp.onrender.com
2023-01-08 00:06:24   INFO [pages.LoginPage] : qaauto was inputted into input
2023-01-08 00:06:24   INFO [pages.LoginPage] : 123456qwerty was inputted into input
2023-01-08 00:06:28   INFO [pages.LoginPage] : The element was clicked
2023-01-08 00:06:28   INFO [pages.elements.Header] : The element is displayed
2023-01-08 00:06:28   INFO [pages.elements.Header] : The element is displayed
2023-01-08 00:06:29   INFO [pages.elements.Header] : The element was clicked
2023-01-08 00:06:29   INFO [pages.elements.Header] : The element is displayed
2023-01-08 00:06:29   INFO [pages.CreatePostPage] : TC01 - New Post Iryna one person2023-08-01_00-06-19 was inputted into input
2023-01-08 00:06:29   INFO [pages.CreatePostPage] : Body of the New Post Iryna one person unique was inputted into input
2023-01-08 00:06:29   INFO [pages.CreatePostPage] : One Person was selected in DropDown
2023-01-08 00:06:29   INFO [pages.CreatePostPage] : The element was clicked
2023-01-08 00:06:29   INFO [pages.CreatePostPage] : Checkbox was marked 'Yes'
2023-01-08 00:06:32   INFO [pages.CreatePostPage] : The element was clicked
2023-01-08 00:06:32   INFO [pages.PostPage] : Success message is correct
2023-01-08 00:06:32   INFO [pages.PostPage] : Post is unique
2023-01-08 00:06:32   INFO [pages.PostPage] : Title is correct
2023-01-08 00:06:32   INFO [pages.PostPage] : Body is correct
2023-01-08 00:06:32   INFO [pages.PostPage] : Note is correct
2023-01-08 00:06:33   INFO [postTests.CreatePost] : The browser was closed
2023-01-08 00:22:08   INFO [postTests.CreatePost] : The browser was opened
2023-01-08 00:22:09   INFO [pages.LoginPage] : The site was openedhttps://aqa-complexapp.onrender.com
2023-01-08 00:22:09   INFO [pages.LoginPage] : qaauto was inputted into input
2023-01-08 00:22:10   INFO [pages.LoginPage] : 123456qwerty was inputted into input
2023-01-08 00:22:13   INFO [pages.LoginPage] : The element was clicked
2023-01-08 00:22:13   INFO [pages.elements.Header] : The element is displayed
2023-01-08 00:22:13   INFO [pages.elements.Header] : The element is displayed
2023-01-08 00:22:16   INFO [pages.elements.Header] : The element was clicked
2023-01-08 00:22:16   INFO [pages.elements.Header] : The element is displayed
2023-01-08 00:22:16   INFO [pages.CreatePostPage] : TC01 - New Post Iryna one person2023-08-01_00-22-05 was inputted into input
2023-01-08 00:22:16   INFO [pages.CreatePostPage] : Body of the New Post Iryna one person unique was inputted into input
2023-01-08 00:22:16   INFO [pages.CreatePostPage] : One Person was selected in DropDown
2023-01-08 00:22:16   INFO [pages.CreatePostPage] : The element was clicked
2023-01-08 00:22:16   INFO [pages.CreatePostPage] : Checkbox was marked 'Yes'
2023-01-08 00:22:19   INFO [pages.CreatePostPage] : The element was clicked
2023-01-08 00:22:19   INFO [pages.PostPage] : Success message is correct
2023-01-08 00:22:19   INFO [pages.PostPage] : Post is unique
2023-01-08 00:22:19   INFO [pages.PostPage] : Title is correct
2023-01-08 00:22:19   INFO [pages.PostPage] : Body is correct
2023-01-08 00:22:19   INFO [pages.PostPage] : Note is correct
2023-01-08 00:22:19   INFO [postTests.CreatePost] : The browser was closed
